The system is: Darwin - 11.2.0 - i386
Compiling the C compiler identification source file "CMakeCCompilerId.c" succeeded.
Compiler: /usr/bin/gcc 
Build flags: 
Id flags: 

The output was:
0


Compilation of the C compiler identification source "CMakeCCompilerId.c" produced "a.out"

The C compiler identification is GNU, found in "/Users/anmorales1/Desktop/OAR:COLLADA/collada-dom-2.3.1/build/CMakeFiles/CompilerIdC/a.out"

Compiling the CXX compiler identification source file "CMakeCXXCompilerId.cpp" succeeded.
Compiler: /usr/bin/c++ 
Build flags: 
Id flags: 

The output was:
0
CMakeCXXCompilerId.cpp:73: warning: deprecated conversion from string constant to ‘char*’
CMakeCXXCompilerId.cpp:163: warning: deprecated conversion from string constant to ‘char*’


Compilation of the CXX compiler identification source "CMakeCXXCompilerId.cpp" produced "a.out"

The CXX compiler identification is GNU, found in "/Users/anmorales1/Desktop/OAR:COLLADA/collada-dom-2.3.1/build/CMakeFiles/CompilerIdCXX/a.out"

Determining if the C compiler works passed with the following output:
Change Dir: /Users/anmorales1/Desktop/OAR:COLLADA/collada-dom-2.3.1/build/CMakeFiles/CMakeTmp

Run Build Command:/opt/local/bin/gmake "cmTryCompileExec/fast"
/opt/local/bin/gmake -f CMakeFiles/cmTryCompileExec.dir/build.make CMakeFiles/cmTryCompileExec.dir/build
gmake[1]: Entering directory `/Users/anmorales1/Desktop/OAR:COLLADA/collada-dom-2.3.1/build/CMakeFiles/CMakeTmp'
/opt/local/bin/cmake -E cmake_progress_report /Users/anmorales1/Desktop/OAR:COLLADA/collada-dom-2.3.1/build/CMakeFiles/CMakeTmp/CMakeFiles 1
Building C object CMakeFiles/cmTryCompileExec.dir/testCCompiler.c.o
/usr/bin/gcc   -mmacosx-version-min=10.7       -o CMakeFiles/cmTryCompileExec.dir/testCCompiler.c.o   -c /Users/anmorales1/Desktop/OAR:COLLADA/collada-dom-2.3.1/build/CMakeFiles/CMakeTmp/testCCompiler.c
Linking C executable cmTryCompileExec
/opt/local/bin/cmake -E cmake_link_script CMakeFiles/cmTryCompileExec.dir/link.txt --verbose=1
/usr/bin/gcc   -mmacosx-version-min=10.7     -Wl,-search_paths_first -headerpad_max_install_names  CMakeFiles/cmTryCompileExec.dir/testCCompiler.c.o  -o cmTryCompileExec  
gmake[1]: Leaving directory `/Users/anmorales1/Desktop/OAR:COLLADA/collada-dom-2.3.1/build/CMakeFiles/CMakeTmp'


Detecting C compiler ABI info compiled with the following output:
Change Dir: /Users/anmorales1/Desktop/OAR:COLLADA/collada-dom-2.3.1/build/CMakeFiles/CMakeTmp

Run Build Command:/opt/local/bin/gmake "cmTryCompileExec/fast"
/opt/local/bin/gmake -f CMakeFiles/cmTryCompileExec.dir/build.make CMakeFiles/cmTryCompileExec.dir/build
gmake[1]: Entering directory `/Users/anmorales1/Desktop/OAR:COLLADA/collada-dom-2.3.1/build/CMakeFiles/CMakeTmp'
/opt/local/bin/cmake -E cmake_progress_report /Users/anmorales1/Desktop/OAR:COLLADA/collada-dom-2.3.1/build/CMakeFiles/CMakeTmp/CMakeFiles 1
Building C object CMakeFiles/cmTryCompileExec.dir/CMakeCCompilerABI.c.o
/usr/bin/gcc   -mmacosx-version-min=10.7       -o CMakeFiles/cmTryCompileExec.dir/CMakeCCompilerABI.c.o   -c /opt/local/share/cmake-2.8/Modules/CMakeCCompilerABI.c
Linking C executable cmTryCompileExec
/opt/local/bin/cmake -E cmake_link_script CMakeFiles/cmTryCompileExec.dir/link.txt --verbose=1
/usr/bin/gcc   -mmacosx-version-min=10.7     -Wl,-search_paths_first -headerpad_max_install_names -v CMakeFiles/cmTryCompileExec.dir/CMakeCCompilerABI.c.o  -o cmTryCompileExec   
Using built-in specs.
Target: i686-apple-darwin11
Configured with: /private/var/tmp/llvmgcc42/llvmgcc42-2335.15~25/src/configure --disable-checking --enable-werror --prefix=/Developer/usr/llvm-gcc-4.2 --mandir=/share/man --enable-languages=c,objc,c++,obj-c++ --program-prefix=llvm- --program-transform-name=/^[cg][^.-]*$/s/$/-4.2/ --with-slibdir=/usr/lib --build=i686-apple-darwin11 --enable-llvm=/private/var/tmp/llvmgcc42/llvmgcc42-2335.15~25/dst-llvmCore/Developer/usr/local --program-prefix=i686-apple-darwin11- --host=x86_64-apple-darwin11 --target=i686-apple-darwin11 --with-gxx-include-dir=/usr/include/c++/4.2.1
Thread model: posix
gcc version 4.2.1 (Based on Apple Inc. build 5658) (LLVM build 2335.15.00)
 /usr/llvm-gcc-4.2/bin/../libexec/gcc/i686-apple-darwin11/4.2.1/collect2 -dynamic -arch x86_64 -headerpad_max_install_names -macosx_version_min 10.7 -weak_reference_mismatches non-weak -o cmTryCompileExec -lcrt1.10.6.o -L/usr/llvm-gcc-4.2/bin/../lib/gcc/i686-apple-darwin11/4.2.1/x86_64 -L/Developer/usr/llvm-gcc-4.2/lib/gcc/i686-apple-darwin11/4.2.1/x86_64 -L/usr/lib/gcc/i686-apple-darwin11/4.2.1/x86_64 -L/usr/lib/i686-apple-darwin11/4.2.1 -L/usr/llvm-gcc-4.2/bin/../lib/gcc/i686-apple-darwin11/4.2.1 -L/usr/llvm-gcc-4.2/bin/../lib/gcc -L/Developer/usr/llvm-gcc-4.2/lib/gcc/i686-apple-darwin11/4.2.1 -L/usr/lib/gcc/i686-apple-darwin11/4.2.1 -L/usr/llvm-gcc-4.2/bin/../lib/gcc/i686-apple-darwin11/4.2.1/../../.. -L/Developer/usr/llvm-gcc-4.2/lib/gcc/i686-apple-darwin11/4.2.1/../../.. -search_paths_first CMakeFiles/cmTryCompileExec.dir/CMakeCCompilerABI.c.o -lSystem -lgcc -lSystem
gmake[1]: Leaving directory `/Users/anmorales1/Desktop/OAR:COLLADA/collada-dom-2.3.1/build/CMakeFiles/CMakeTmp'


Parsed C implicit link information from above output:
  link line regex: [^( *|.*[/\])(ld|ld|collect2)[^/\]*( |$)]
  ignore line: [Change Dir: /Users/anmorales1/Desktop/OAR:COLLADA/collada-dom-2.3.1/build/CMakeFiles/CMakeTmp]
  ignore line: []
  ignore line: [Run Build Command:/opt/local/bin/gmake "cmTryCompileExec/fast"]
  ignore line: [/opt/local/bin/gmake -f CMakeFiles/cmTryCompileExec.dir/build.make CMakeFiles/cmTryCompileExec.dir/build]
  ignore line: [gmake[1]: Entering directory `/Users/anmorales1/Desktop/OAR:COLLADA/collada-dom-2.3.1/build/CMakeFiles/CMakeTmp']
  ignore line: [/opt/local/bin/cmake -E cmake_progress_report /Users/anmorales1/Desktop/OAR:COLLADA/collada-dom-2.3.1/build/CMakeFiles/CMakeTmp/CMakeFiles 1]
  ignore line: [Building C object CMakeFiles/cmTryCompileExec.dir/CMakeCCompilerABI.c.o]
  ignore line: [/usr/bin/gcc   -mmacosx-version-min=10.7       -o CMakeFiles/cmTryCompileExec.dir/CMakeCCompilerABI.c.o   -c /opt/local/share/cmake-2.8/Modules/CMakeCCompilerABI.c]
  ignore line: [Linking C executable cmTryCompileExec]
  ignore line: [/opt/local/bin/cmake -E cmake_link_script CMakeFiles/cmTryCompileExec.dir/link.txt --verbose=1]
  ignore line: [/usr/bin/gcc   -mmacosx-version-min=10.7     -Wl,-search_paths_first -headerpad_max_install_names -v CMakeFiles/cmTryCompileExec.dir/CMakeCCompilerABI.c.o  -o cmTryCompileExec   ]
  ignore line: [Using built-in specs.]
  ignore line: [Target: i686-apple-darwin11]
  ignore line: [Configured with: /private/var/tmp/llvmgcc42/llvmgcc42-2335.15~25/src/configure --disable-checking --enable-werror --prefix=/Developer/usr/llvm-gcc-4.2 --mandir=/share/man --enable-languages=c,objc,c++,obj-c++ --program-prefix=llvm- --program-transform-name=/^[cg][^.-]*$/s/$/-4.2/ --with-slibdir=/usr/lib --build=i686-apple-darwin11 --enable-llvm=/private/var/tmp/llvmgcc42/llvmgcc42-2335.15~25/dst-llvmCore/Developer/usr/local --program-prefix=i686-apple-darwin11- --host=x86_64-apple-darwin11 --target=i686-apple-darwin11 --with-gxx-include-dir=/usr/include/c++/4.2.1]
  ignore line: [Thread model: posix]
  ignore line: [gcc version 4.2.1 (Based on Apple Inc. build 5658) (LLVM build 2335.15.00)]
  link line: [ /usr/llvm-gcc-4.2/bin/../libexec/gcc/i686-apple-darwin11/4.2.1/collect2 -dynamic -arch x86_64 -headerpad_max_install_names -macosx_version_min 10.7 -weak_reference_mismatches non-weak -o cmTryCompileExec -lcrt1.10.6.o -L/usr/llvm-gcc-4.2/bin/../lib/gcc/i686-apple-darwin11/4.2.1/x86_64 -L/Developer/usr/llvm-gcc-4.2/lib/gcc/i686-apple-darwin11/4.2.1/x86_64 -L/usr/lib/gcc/i686-apple-darwin11/4.2.1/x86_64 -L/usr/lib/i686-apple-darwin11/4.2.1 -L/usr/llvm-gcc-4.2/bin/../lib/gcc/i686-apple-darwin11/4.2.1 -L/usr/llvm-gcc-4.2/bin/../lib/gcc -L/Developer/usr/llvm-gcc-4.2/lib/gcc/i686-apple-darwin11/4.2.1 -L/usr/lib/gcc/i686-apple-darwin11/4.2.1 -L/usr/llvm-gcc-4.2/bin/../lib/gcc/i686-apple-darwin11/4.2.1/../../.. -L/Developer/usr/llvm-gcc-4.2/lib/gcc/i686-apple-darwin11/4.2.1/../../.. -search_paths_first CMakeFiles/cmTryCompileExec.dir/CMakeCCompilerABI.c.o -lSystem -lgcc -lSystem]
    arg [/usr/llvm-gcc-4.2/bin/../libexec/gcc/i686-apple-darwin11/4.2.1/collect2] ==> ignore
    arg [-dynamic] ==> ignore
    arg [-arch] ==> ignore
    arg [x86_64] ==> ignore
    arg [-headerpad_max_install_names] ==> ignore
    arg [-macosx_version_min] ==> ignore
    arg [10.7] ==> ignore
    arg [-weak_reference_mismatches] ==> ignore
    arg [non-weak] ==> ignore
    arg [-o] ==> ignore
    arg [cmTryCompileExec] ==> ignore
    arg [-lcrt1.10.6.o] ==> lib [crt1.10.6.o]
    arg [-L/usr/llvm-gcc-4.2/bin/../lib/gcc/i686-apple-darwin11/4.2.1/x86_64] ==> dir [/usr/llvm-gcc-4.2/bin/../lib/gcc/i686-apple-darwin11/4.2.1/x86_64]
    arg [-L/Developer/usr/llvm-gcc-4.2/lib/gcc/i686-apple-darwin11/4.2.1/x86_64] ==> dir [/Developer/usr/llvm-gcc-4.2/lib/gcc/i686-apple-darwin11/4.2.1/x86_64]
    arg [-L/usr/lib/gcc/i686-apple-darwin11/4.2.1/x86_64] ==> dir [/usr/lib/gcc/i686-apple-darwin11/4.2.1/x86_64]
    arg [-L/usr/lib/i686-apple-darwin11/4.2.1] ==> dir [/usr/lib/i686-apple-darwin11/4.2.1]
    arg [-L/usr/llvm-gcc-4.2/bin/../lib/gcc/i686-apple-darwin11/4.2.1] ==> dir [/usr/llvm-gcc-4.2/bin/../lib/gcc/i686-apple-darwin11/4.2.1]
    arg [-L/usr/llvm-gcc-4.2/bin/../lib/gcc] ==> dir [/usr/llvm-gcc-4.2/bin/../lib/gcc]
    arg [-L/Developer/usr/llvm-gcc-4.2/lib/gcc/i686-apple-darwin11/4.2.1] ==> dir [/Developer/usr/llvm-gcc-4.2/lib/gcc/i686-apple-darwin11/4.2.1]
    arg [-L/usr/lib/gcc/i686-apple-darwin11/4.2.1] ==> dir [/usr/lib/gcc/i686-apple-darwin11/4.2.1]
    arg [-L/usr/llvm-gcc-4.2/bin/../lib/gcc/i686-apple-darwin11/4.2.1/../../..] ==> dir [/usr/llvm-gcc-4.2/bin/../lib/gcc/i686-apple-darwin11/4.2.1/../../..]
    arg [-L/Developer/usr/llvm-gcc-4.2/lib/gcc/i686-apple-darwin11/4.2.1/../../..] ==> dir [/Developer/usr/llvm-gcc-4.2/lib/gcc/i686-apple-darwin11/4.2.1/../../..]
    arg [-search_paths_first] ==> ignore
    arg [CMakeFiles/cmTryCompileExec.dir/CMakeCCompilerABI.c.o] ==> ignore
    arg [-lSystem] ==> lib [System]
    arg [-lgcc] ==> lib [gcc]
    arg [-lSystem] ==> lib [System]
  remove lib [crt1.10.6.o]
  remove lib [System]
  remove lib [gcc]
  remove lib [System]
  collapse dir [/usr/llvm-gcc-4.2/bin/../lib/gcc/i686-apple-darwin11/4.2.1/x86_64] ==> [/usr/llvm-gcc-4.2/lib/gcc/i686-apple-darwin11/4.2.1/x86_64]
  collapse dir [/Developer/usr/llvm-gcc-4.2/lib/gcc/i686-apple-darwin11/4.2.1/x86_64] ==> [/Developer/usr/llvm-gcc-4.2/lib/gcc/i686-apple-darwin11/4.2.1/x86_64]
  collapse dir [/usr/lib/gcc/i686-apple-darwin11/4.2.1/x86_64] ==> [/usr/lib/gcc/i686-apple-darwin11/4.2.1/x86_64]
  collapse dir [/usr/lib/i686-apple-darwin11/4.2.1] ==> [/usr/lib/i686-apple-darwin11/4.2.1]
  collapse dir [/usr/llvm-gcc-4.2/bin/../lib/gcc/i686-apple-darwin11/4.2.1] ==> [/usr/llvm-gcc-4.2/lib/gcc/i686-apple-darwin11/4.2.1]
  collapse dir [/usr/llvm-gcc-4.2/bin/../lib/gcc] ==> [/usr/llvm-gcc-4.2/lib/gcc]
  collapse dir [/Developer/usr/llvm-gcc-4.2/lib/gcc/i686-apple-darwin11/4.2.1] ==> [/Developer/usr/llvm-gcc-4.2/lib/gcc/i686-apple-darwin11/4.2.1]
  collapse dir [/usr/lib/gcc/i686-apple-darwin11/4.2.1] ==> [/usr/lib/gcc/i686-apple-darwin11/4.2.1]
  collapse dir [/usr/llvm-gcc-4.2/bin/../lib/gcc/i686-apple-darwin11/4.2.1/../../..] ==> [/usr/llvm-gcc-4.2/lib]
  collapse dir [/Developer/usr/llvm-gcc-4.2/lib/gcc/i686-apple-darwin11/4.2.1/../../..] ==> [/Developer/usr/llvm-gcc-4.2/lib]
  implicit libs: []
  implicit dirs: [/usr/llvm-gcc-4.2/lib/gcc/i686-apple-darwin11/4.2.1/x86_64;/Developer/usr/llvm-gcc-4.2/lib/gcc/i686-apple-darwin11/4.2.1/x86_64;/usr/lib/gcc/i686-apple-darwin11/4.2.1/x86_64;/usr/lib/i686-apple-darwin11/4.2.1;/usr/llvm-gcc-4.2/lib/gcc/i686-apple-darwin11/4.2.1;/usr/llvm-gcc-4.2/lib/gcc;/Developer/usr/llvm-gcc-4.2/lib/gcc/i686-apple-darwin11/4.2.1;/usr/lib/gcc/i686-apple-darwin11/4.2.1;/usr/llvm-gcc-4.2/lib;/Developer/usr/llvm-gcc-4.2/lib]


Determining if the CXX compiler works passed with the following output:
Change Dir: /Users/anmorales1/Desktop/OAR:COLLADA/collada-dom-2.3.1/build/CMakeFiles/CMakeTmp

Run Build Command:/opt/local/bin/gmake "cmTryCompileExec/fast"
/opt/local/bin/gmake -f CMakeFiles/cmTryCompileExec.dir/build.make CMakeFiles/cmTryCompileExec.dir/build
gmake[1]: Entering directory `/Users/anmorales1/Desktop/OAR:COLLADA/collada-dom-2.3.1/build/CMakeFiles/CMakeTmp'
/opt/local/bin/cmake -E cmake_progress_report /Users/anmorales1/Desktop/OAR:COLLADA/collada-dom-2.3.1/build/CMakeFiles/CMakeTmp/CMakeFiles 1
Building CXX object CMakeFiles/cmTryCompileExec.dir/testCXXCompiler.cxx.o
/usr/bin/c++    -mmacosx-version-min=10.7       -o CMakeFiles/cmTryCompileExec.dir/testCXXCompiler.cxx.o -c /Users/anmorales1/Desktop/OAR:COLLADA/collada-dom-2.3.1/build/CMakeFiles/CMakeTmp/testCXXCompiler.cxx
Linking CXX executable cmTryCompileExec
/opt/local/bin/cmake -E cmake_link_script CMakeFiles/cmTryCompileExec.dir/link.txt --verbose=1
/usr/bin/c++    -mmacosx-version-min=10.7     -Wl,-search_paths_first -headerpad_max_install_names  CMakeFiles/cmTryCompileExec.dir/testCXXCompiler.cxx.o  -o cmTryCompileExec  
gmake[1]: Leaving directory `/Users/anmorales1/Desktop/OAR:COLLADA/collada-dom-2.3.1/build/CMakeFiles/CMakeTmp'


Detecting CXX compiler ABI info compiled with the following output:
Change Dir: /Users/anmorales1/Desktop/OAR:COLLADA/collada-dom-2.3.1/build/CMakeFiles/CMakeTmp

Run Build Command:/opt/local/bin/gmake "cmTryCompileExec/fast"
/opt/local/bin/gmake -f CMakeFiles/cmTryCompileExec.dir/build.make CMakeFiles/cmTryCompileExec.dir/build
gmake[1]: Entering directory `/Users/anmorales1/Desktop/OAR:COLLADA/collada-dom-2.3.1/build/CMakeFiles/CMakeTmp'
/opt/local/bin/cmake -E cmake_progress_report /Users/anmorales1/Desktop/OAR:COLLADA/collada-dom-2.3.1/build/CMakeFiles/CMakeTmp/CMakeFiles 1
Building CXX object CMakeFiles/cmTryCompileExec.dir/CMakeCXXCompilerABI.cpp.o
/usr/bin/c++    -mmacosx-version-min=10.7       -o CMakeFiles/cmTryCompileExec.dir/CMakeCXXCompilerABI.cpp.o -c /opt/local/share/cmake-2.8/Modules/CMakeCXXCompilerABI.cpp
Linking CXX executable cmTryCompileExec
/opt/local/bin/cmake -E cmake_link_script CMakeFiles/cmTryCompileExec.dir/link.txt --verbose=1
/usr/bin/c++    -mmacosx-version-min=10.7     -Wl,-search_paths_first -headerpad_max_install_names -v CMakeFiles/cmTryCompileExec.dir/CMakeCXXCompilerABI.cpp.o  -o cmTryCompileExec   
Using built-in specs.
Target: i686-apple-darwin11
Configured with: /private/var/tmp/llvmgcc42/llvmgcc42-2335.15~25/src/configure --disable-checking --enable-werror --prefix=/Developer/usr/llvm-gcc-4.2 --mandir=/share/man --enable-languages=c,objc,c++,obj-c++ --program-prefix=llvm- --program-transform-name=/^[cg][^.-]*$/s/$/-4.2/ --with-slibdir=/usr/lib --build=i686-apple-darwin11 --enable-llvm=/private/var/tmp/llvmgcc42/llvmgcc42-2335.15~25/dst-llvmCore/Developer/usr/local --program-prefix=i686-apple-darwin11- --host=x86_64-apple-darwin11 --target=i686-apple-darwin11 --with-gxx-include-dir=/usr/include/c++/4.2.1
Thread model: posix
gcc version 4.2.1 (Based on Apple Inc. build 5658) (LLVM build 2335.15.00)
 /usr/llvm-gcc-4.2/bin/../libexec/gcc/i686-apple-darwin11/4.2.1/collect2 -dynamic -arch x86_64 -headerpad_max_install_names -macosx_version_min 10.7 -weak_reference_mismatches non-weak -o cmTryCompileExec -lcrt1.10.6.o -L/usr/llvm-gcc-4.2/bin/../lib/gcc/i686-apple-darwin11/4.2.1/x86_64 -L/Developer/usr/llvm-gcc-4.2/lib/gcc/i686-apple-darwin11/4.2.1/x86_64 -L/usr/lib/gcc/i686-apple-darwin11/4.2.1/x86_64 -L/usr/lib/i686-apple-darwin11/4.2.1 -L/usr/llvm-gcc-4.2/bin/../lib/gcc/i686-apple-darwin11/4.2.1 -L/usr/llvm-gcc-4.2/bin/../lib/gcc -L/Developer/usr/llvm-gcc-4.2/lib/gcc/i686-apple-darwin11/4.2.1 -L/usr/lib/gcc/i686-apple-darwin11/4.2.1 -L/usr/llvm-gcc-4.2/bin/../lib/gcc/i686-apple-darwin11/4.2.1/../../.. -L/Developer/usr/llvm-gcc-4.2/lib/gcc/i686-apple-darwin11/4.2.1/../../.. -search_paths_first CMakeFiles/cmTryCompileExec.dir/CMakeCXXCompilerABI.cpp.o -lstdc++ -lSystem -lgcc -lSystem
gmake[1]: Leaving directory `/Users/anmorales1/Desktop/OAR:COLLADA/collada-dom-2.3.1/build/CMakeFiles/CMakeTmp'


Parsed CXX implicit link information from above output:
  link line regex: [^( *|.*[/\])(ld|ld|collect2)[^/\]*( |$)]
  ignore line: [Change Dir: /Users/anmorales1/Desktop/OAR:COLLADA/collada-dom-2.3.1/build/CMakeFiles/CMakeTmp]
  ignore line: []
  ignore line: [Run Build Command:/opt/local/bin/gmake "cmTryCompileExec/fast"]
  ignore line: [/opt/local/bin/gmake -f CMakeFiles/cmTryCompileExec.dir/build.make CMakeFiles/cmTryCompileExec.dir/build]
  ignore line: [gmake[1]: Entering directory `/Users/anmorales1/Desktop/OAR:COLLADA/collada-dom-2.3.1/build/CMakeFiles/CMakeTmp']
  ignore line: [/opt/local/bin/cmake -E cmake_progress_report /Users/anmorales1/Desktop/OAR:COLLADA/collada-dom-2.3.1/build/CMakeFiles/CMakeTmp/CMakeFiles 1]
  ignore line: [Building CXX object CMakeFiles/cmTryCompileExec.dir/CMakeCXXCompilerABI.cpp.o]
  ignore line: [/usr/bin/c++    -mmacosx-version-min=10.7       -o CMakeFiles/cmTryCompileExec.dir/CMakeCXXCompilerABI.cpp.o -c /opt/local/share/cmake-2.8/Modules/CMakeCXXCompilerABI.cpp]
  ignore line: [Linking CXX executable cmTryCompileExec]
  ignore line: [/opt/local/bin/cmake -E cmake_link_script CMakeFiles/cmTryCompileExec.dir/link.txt --verbose=1]
  ignore line: [/usr/bin/c++    -mmacosx-version-min=10.7     -Wl,-search_paths_first -headerpad_max_install_names -v CMakeFiles/cmTryCompileExec.dir/CMakeCXXCompilerABI.cpp.o  -o cmTryCompileExec   ]
  ignore line: [Using built-in specs.]
  ignore line: [Target: i686-apple-darwin11]
  ignore line: [Configured with: /private/var/tmp/llvmgcc42/llvmgcc42-2335.15~25/src/configure --disable-checking --enable-werror --prefix=/Developer/usr/llvm-gcc-4.2 --mandir=/share/man --enable-languages=c,objc,c++,obj-c++ --program-prefix=llvm- --program-transform-name=/^[cg][^.-]*$/s/$/-4.2/ --with-slibdir=/usr/lib --build=i686-apple-darwin11 --enable-llvm=/private/var/tmp/llvmgcc42/llvmgcc42-2335.15~25/dst-llvmCore/Developer/usr/local --program-prefix=i686-apple-darwin11- --host=x86_64-apple-darwin11 --target=i686-apple-darwin11 --with-gxx-include-dir=/usr/include/c++/4.2.1]
  ignore line: [Thread model: posix]
  ignore line: [gcc version 4.2.1 (Based on Apple Inc. build 5658) (LLVM build 2335.15.00)]
  link line: [ /usr/llvm-gcc-4.2/bin/../libexec/gcc/i686-apple-darwin11/4.2.1/collect2 -dynamic -arch x86_64 -headerpad_max_install_names -macosx_version_min 10.7 -weak_reference_mismatches non-weak -o cmTryCompileExec -lcrt1.10.6.o -L/usr/llvm-gcc-4.2/bin/../lib/gcc/i686-apple-darwin11/4.2.1/x86_64 -L/Developer/usr/llvm-gcc-4.2/lib/gcc/i686-apple-darwin11/4.2.1/x86_64 -L/usr/lib/gcc/i686-apple-darwin11/4.2.1/x86_64 -L/usr/lib/i686-apple-darwin11/4.2.1 -L/usr/llvm-gcc-4.2/bin/../lib/gcc/i686-apple-darwin11/4.2.1 -L/usr/llvm-gcc-4.2/bin/../lib/gcc -L/Developer/usr/llvm-gcc-4.2/lib/gcc/i686-apple-darwin11/4.2.1 -L/usr/lib/gcc/i686-apple-darwin11/4.2.1 -L/usr/llvm-gcc-4.2/bin/../lib/gcc/i686-apple-darwin11/4.2.1/../../.. -L/Developer/usr/llvm-gcc-4.2/lib/gcc/i686-apple-darwin11/4.2.1/../../.. -search_paths_first CMakeFiles/cmTryCompileExec.dir/CMakeCXXCompilerABI.cpp.o -lstdc++ -lSystem -lgcc -lSystem]
    arg [/usr/llvm-gcc-4.2/bin/../libexec/gcc/i686-apple-darwin11/4.2.1/collect2] ==> ignore
    arg [-dynamic] ==> ignore
    arg [-arch] ==> ignore
    arg [x86_64] ==> ignore
    arg [-headerpad_max_install_names] ==> ignore
    arg [-macosx_version_min] ==> ignore
    arg [10.7] ==> ignore
    arg [-weak_reference_mismatches] ==> ignore
    arg [non-weak] ==> ignore
    arg [-o] ==> ignore
    arg [cmTryCompileExec] ==> ignore
    arg [-lcrt1.10.6.o] ==> lib [crt1.10.6.o]
    arg [-L/usr/llvm-gcc-4.2/bin/../lib/gcc/i686-apple-darwin11/4.2.1/x86_64] ==> dir [/usr/llvm-gcc-4.2/bin/../lib/gcc/i686-apple-darwin11/4.2.1/x86_64]
    arg [-L/Developer/usr/llvm-gcc-4.2/lib/gcc/i686-apple-darwin11/4.2.1/x86_64] ==> dir [/Developer/usr/llvm-gcc-4.2/lib/gcc/i686-apple-darwin11/4.2.1/x86_64]
    arg [-L/usr/lib/gcc/i686-apple-darwin11/4.2.1/x86_64] ==> dir [/usr/lib/gcc/i686-apple-darwin11/4.2.1/x86_64]
    arg [-L/usr/lib/i686-apple-darwin11/4.2.1] ==> dir [/usr/lib/i686-apple-darwin11/4.2.1]
    arg [-L/usr/llvm-gcc-4.2/bin/../lib/gcc/i686-apple-darwin11/4.2.1] ==> dir [/usr/llvm-gcc-4.2/bin/../lib/gcc/i686-apple-darwin11/4.2.1]
    arg [-L/usr/llvm-gcc-4.2/bin/../lib/gcc] ==> dir [/usr/llvm-gcc-4.2/bin/../lib/gcc]
    arg [-L/Developer/usr/llvm-gcc-4.2/lib/gcc/i686-apple-darwin11/4.2.1] ==> dir [/Developer/usr/llvm-gcc-4.2/lib/gcc/i686-apple-darwin11/4.2.1]
    arg [-L/usr/lib/gcc/i686-apple-darwin11/4.2.1] ==> dir [/usr/lib/gcc/i686-apple-darwin11/4.2.1]
    arg [-L/usr/llvm-gcc-4.2/bin/../lib/gcc/i686-apple-darwin11/4.2.1/../../..] ==> dir [/usr/llvm-gcc-4.2/bin/../lib/gcc/i686-apple-darwin11/4.2.1/../../..]
    arg [-L/Developer/usr/llvm-gcc-4.2/lib/gcc/i686-apple-darwin11/4.2.1/../../..] ==> dir [/Developer/usr/llvm-gcc-4.2/lib/gcc/i686-apple-darwin11/4.2.1/../../..]
    arg [-search_paths_first] ==> ignore
    arg [CMakeFiles/cmTryCompileExec.dir/CMakeCXXCompilerABI.cpp.o] ==> ignore
    arg [-lstdc++] ==> lib [stdc++]
    arg [-lSystem] ==> lib [System]
    arg [-lgcc] ==> lib [gcc]
    arg [-lSystem] ==> lib [System]
  remove lib [crt1.10.6.o]
  remove lib [System]
  remove lib [gcc]
  remove lib [System]
  collapse dir [/usr/llvm-gcc-4.2/bin/../lib/gcc/i686-apple-darwin11/4.2.1/x86_64] ==> [/usr/llvm-gcc-4.2/lib/gcc/i686-apple-darwin11/4.2.1/x86_64]
  collapse dir [/Developer/usr/llvm-gcc-4.2/lib/gcc/i686-apple-darwin11/4.2.1/x86_64] ==> [/Developer/usr/llvm-gcc-4.2/lib/gcc/i686-apple-darwin11/4.2.1/x86_64]
  collapse dir [/usr/lib/gcc/i686-apple-darwin11/4.2.1/x86_64] ==> [/usr/lib/gcc/i686-apple-darwin11/4.2.1/x86_64]
  collapse dir [/usr/lib/i686-apple-darwin11/4.2.1] ==> [/usr/lib/i686-apple-darwin11/4.2.1]
  collapse dir [/usr/llvm-gcc-4.2/bin/../lib/gcc/i686-apple-darwin11/4.2.1] ==> [/usr/llvm-gcc-4.2/lib/gcc/i686-apple-darwin11/4.2.1]
  collapse dir [/usr/llvm-gcc-4.2/bin/../lib/gcc] ==> [/usr/llvm-gcc-4.2/lib/gcc]
  collapse dir [/Developer/usr/llvm-gcc-4.2/lib/gcc/i686-apple-darwin11/4.2.1] ==> [/Developer/usr/llvm-gcc-4.2/lib/gcc/i686-apple-darwin11/4.2.1]
  collapse dir [/usr/lib/gcc/i686-apple-darwin11/4.2.1] ==> [/usr/lib/gcc/i686-apple-darwin11/4.2.1]
  collapse dir [/usr/llvm-gcc-4.2/bin/../lib/gcc/i686-apple-darwin11/4.2.1/../../..] ==> [/usr/llvm-gcc-4.2/lib]
  collapse dir [/Developer/usr/llvm-gcc-4.2/lib/gcc/i686-apple-darwin11/4.2.1/../../..] ==> [/Developer/usr/llvm-gcc-4.2/lib]
  implicit libs: [stdc++]
  implicit dirs: [/usr/llvm-gcc-4.2/lib/gcc/i686-apple-darwin11/4.2.1/x86_64;/Developer/usr/llvm-gcc-4.2/lib/gcc/i686-apple-darwin11/4.2.1/x86_64;/usr/lib/gcc/i686-apple-darwin11/4.2.1/x86_64;/usr/lib/i686-apple-darwin11/4.2.1;/usr/llvm-gcc-4.2/lib/gcc/i686-apple-darwin11/4.2.1;/usr/llvm-gcc-4.2/lib/gcc;/Developer/usr/llvm-gcc-4.2/lib/gcc/i686-apple-darwin11/4.2.1;/usr/lib/gcc/i686-apple-darwin11/4.2.1;/usr/llvm-gcc-4.2/lib;/Developer/usr/llvm-gcc-4.2/lib]


Determining if the function BZ2_bzCompressInit exists in the /usr/lib/libbz2.dylib passed with the following output:
Change Dir: /Users/anmorales1/Desktop/OAR:COLLADA/collada-dom-2.3.1/build/CMakeFiles/CMakeTmp

Run Build Command:/opt/local/bin/gmake "cmTryCompileExec/fast"
/opt/local/bin/gmake -f CMakeFiles/cmTryCompileExec.dir/build.make CMakeFiles/cmTryCompileExec.dir/build
gmake[1]: Entering directory `/Users/anmorales1/Desktop/OAR:COLLADA/collada-dom-2.3.1/build/CMakeFiles/CMakeTmp'
/opt/local/bin/cmake -E cmake_progress_report /Users/anmorales1/Desktop/OAR:COLLADA/collada-dom-2.3.1/build/CMakeFiles/CMakeTmp/CMakeFiles 1
Building C object CMakeFiles/cmTryCompileExec.dir/CheckFunctionExists.c.o
/usr/bin/gcc   -mmacosx-version-min=10.7    -DCHECK_FUNCTION_EXISTS=BZ2_bzCompressInit   -o CMakeFiles/cmTryCompileExec.dir/CheckFunctionExists.c.o   -c /opt/local/share/cmake-2.8/Modules/CheckFunctionExists.c
Linking C executable cmTryCompileExec
/opt/local/bin/cmake -E cmake_link_script CMakeFiles/cmTryCompileExec.dir/link.txt --verbose=1
/usr/bin/gcc   -mmacosx-version-min=10.7    -DCHECK_FUNCTION_EXISTS=BZ2_bzCompressInit -Wl,-search_paths_first -headerpad_max_install_names  CMakeFiles/cmTryCompileExec.dir/CheckFunctionExists.c.o  -o cmTryCompileExec  /usr/lib/libbz2.dylib 
gmake[1]: Leaving directory `/Users/anmorales1/Desktop/OAR:COLLADA/collada-dom-2.3.1/build/CMakeFiles/CMakeTmp'


Determining if the include file dirent.h exists passed with the following output:
Change Dir: /Users/anmorales1/Desktop/OAR:COLLADA/collada-dom-2.3.1/build/CMakeFiles/CMakeTmp

Run Build Command:/opt/local/bin/gmake "cmTryCompileExec/fast"
/opt/local/bin/gmake -f CMakeFiles/cmTryCompileExec.dir/build.make CMakeFiles/cmTryCompileExec.dir/build
gmake[1]: Entering directory `/Users/anmorales1/Desktop/OAR:COLLADA/collada-dom-2.3.1/build/CMakeFiles/CMakeTmp'
/opt/local/bin/cmake -E cmake_progress_report /Users/anmorales1/Desktop/OAR:COLLADA/collada-dom-2.3.1/build/CMakeFiles/CMakeTmp/CMakeFiles 1
Building C object CMakeFiles/cmTryCompileExec.dir/CheckIncludeFile.c.o
/usr/bin/gcc   -mmacosx-version-min=10.7       -o CMakeFiles/cmTryCompileExec.dir/CheckIncludeFile.c.o   -c /Users/anmorales1/Desktop/OAR:COLLADA/collada-dom-2.3.1/build/CMakeFiles/CMakeTmp/CheckIncludeFile.c
Linking C executable cmTryCompileExec
/opt/local/bin/cmake -E cmake_link_script CMakeFiles/cmTryCompileExec.dir/link.txt --verbose=1
/usr/bin/gcc   -mmacosx-version-min=10.7     -Wl,-search_paths_first -headerpad_max_install_names  CMakeFiles/cmTryCompileExec.dir/CheckIncludeFile.c.o  -o cmTryCompileExec  
gmake[1]: Leaving directory `/Users/anmorales1/Desktop/OAR:COLLADA/collada-dom-2.3.1/build/CMakeFiles/CMakeTmp'


Determining if the include file stdint.h exists passed with the following output:
Change Dir: /Users/anmorales1/Desktop/OAR:COLLADA/collada-dom-2.3.1/build/CMakeFiles/CMakeTmp

Run Build Command:/opt/local/bin/gmake "cmTryCompileExec/fast"
/opt/local/bin/gmake -f CMakeFiles/cmTryCompileExec.dir/build.make CMakeFiles/cmTryCompileExec.dir/build
gmake[1]: Entering directory `/Users/anmorales1/Desktop/OAR:COLLADA/collada-dom-2.3.1/build/CMakeFiles/CMakeTmp'
/opt/local/bin/cmake -E cmake_progress_report /Users/anmorales1/Desktop/OAR:COLLADA/collada-dom-2.3.1/build/CMakeFiles/CMakeTmp/CMakeFiles 1
Building C object CMakeFiles/cmTryCompileExec.dir/CheckIncludeFile.c.o
/usr/bin/gcc   -mmacosx-version-min=10.7       -o CMakeFiles/cmTryCompileExec.dir/CheckIncludeFile.c.o   -c /Users/anmorales1/Desktop/OAR:COLLADA/collada-dom-2.3.1/build/CMakeFiles/CMakeTmp/CheckIncludeFile.c
Linking C executable cmTryCompileExec
/opt/local/bin/cmake -E cmake_link_script CMakeFiles/cmTryCompileExec.dir/link.txt --verbose=1
/usr/bin/gcc   -mmacosx-version-min=10.7     -Wl,-search_paths_first -headerpad_max_install_names  CMakeFiles/cmTryCompileExec.dir/CheckIncludeFile.c.o  -o cmTryCompileExec  
gmake[1]: Leaving directory `/Users/anmorales1/Desktop/OAR:COLLADA/collada-dom-2.3.1/build/CMakeFiles/CMakeTmp'


Determining if the include file inttypes.h exists passed with the following output:
Change Dir: /Users/anmorales1/Desktop/OAR:COLLADA/collada-dom-2.3.1/build/CMakeFiles/CMakeTmp

Run Build Command:/opt/local/bin/gmake "cmTryCompileExec/fast"
/opt/local/bin/gmake -f CMakeFiles/cmTryCompileExec.dir/build.make CMakeFiles/cmTryCompileExec.dir/build
gmake[1]: Entering directory `/Users/anmorales1/Desktop/OAR:COLLADA/collada-dom-2.3.1/build/CMakeFiles/CMakeTmp'
/opt/local/bin/cmake -E cmake_progress_report /Users/anmorales1/Desktop/OAR:COLLADA/collada-dom-2.3.1/build/CMakeFiles/CMakeTmp/CMakeFiles 1
Building C object CMakeFiles/cmTryCompileExec.dir/CheckIncludeFile.c.o
/usr/bin/gcc   -mmacosx-version-min=10.7       -o CMakeFiles/cmTryCompileExec.dir/CheckIncludeFile.c.o   -c /Users/anmorales1/Desktop/OAR:COLLADA/collada-dom-2.3.1/build/CMakeFiles/CMakeTmp/CheckIncludeFile.c
Linking C executable cmTryCompileExec
/opt/local/bin/cmake -E cmake_link_script CMakeFiles/cmTryCompileExec.dir/link.txt --verbose=1
/usr/bin/gcc   -mmacosx-version-min=10.7     -Wl,-search_paths_first -headerpad_max_install_names  CMakeFiles/cmTryCompileExec.dir/CheckIncludeFile.c.o  -o cmTryCompileExec  
gmake[1]: Leaving directory `/Users/anmorales1/Desktop/OAR:COLLADA/collada-dom-2.3.1/build/CMakeFiles/CMakeTmp'


Determining if the include file sys/stat.h exists passed with the following output:
Change Dir: /Users/anmorales1/Desktop/OAR:COLLADA/collada-dom-2.3.1/build/CMakeFiles/CMakeTmp

Run Build Command:/opt/local/bin/gmake "cmTryCompileExec/fast"
/opt/local/bin/gmake -f CMakeFiles/cmTryCompileExec.dir/build.make CMakeFiles/cmTryCompileExec.dir/build
gmake[1]: Entering directory `/Users/anmorales1/Desktop/OAR:COLLADA/collada-dom-2.3.1/build/CMakeFiles/CMakeTmp'
/opt/local/bin/cmake -E cmake_progress_report /Users/anmorales1/Desktop/OAR:COLLADA/collada-dom-2.3.1/build/CMakeFiles/CMakeTmp/CMakeFiles 1
Building C object CMakeFiles/cmTryCompileExec.dir/CheckIncludeFile.c.o
/usr/bin/gcc   -mmacosx-version-min=10.7       -o CMakeFiles/cmTryCompileExec.dir/CheckIncludeFile.c.o   -c /Users/anmorales1/Desktop/OAR:COLLADA/collada-dom-2.3.1/build/CMakeFiles/CMakeTmp/CheckIncludeFile.c
Linking C executable cmTryCompileExec
/opt/local/bin/cmake -E cmake_link_script CMakeFiles/cmTryCompileExec.dir/link.txt --verbose=1
/usr/bin/gcc   -mmacosx-version-min=10.7     -Wl,-search_paths_first -headerpad_max_install_names  CMakeFiles/cmTryCompileExec.dir/CheckIncludeFile.c.o  -o cmTryCompileExec  
gmake[1]: Leaving directory `/Users/anmorales1/Desktop/OAR:COLLADA/collada-dom-2.3.1/build/CMakeFiles/CMakeTmp'


Determining if the include file sys/types.h exists passed with the following output:
Change Dir: /Users/anmorales1/Desktop/OAR:COLLADA/collada-dom-2.3.1/build/CMakeFiles/CMakeTmp

Run Build Command:/opt/local/bin/gmake "cmTryCompileExec/fast"
/opt/local/bin/gmake -f CMakeFiles/cmTryCompileExec.dir/build.make CMakeFiles/cmTryCompileExec.dir/build
gmake[1]: Entering directory `/Users/anmorales1/Desktop/OAR:COLLADA/collada-dom-2.3.1/build/CMakeFiles/CMakeTmp'
/opt/local/bin/cmake -E cmake_progress_report /Users/anmorales1/Desktop/OAR:COLLADA/collada-dom-2.3.1/build/CMakeFiles/CMakeTmp/CMakeFiles 1
Building C object CMakeFiles/cmTryCompileExec.dir/CheckIncludeFile.c.o
/usr/bin/gcc   -mmacosx-version-min=10.7       -o CMakeFiles/cmTryCompileExec.dir/CheckIncludeFile.c.o   -c /Users/anmorales1/Desktop/OAR:COLLADA/collada-dom-2.3.1/build/CMakeFiles/CMakeTmp/CheckIncludeFile.c
Linking C executable cmTryCompileExec
/opt/local/bin/cmake -E cmake_link_script CMakeFiles/cmTryCompileExec.dir/link.txt --verbose=1
/usr/bin/gcc   -mmacosx-version-min=10.7     -Wl,-search_paths_first -headerpad_max_install_names  CMakeFiles/cmTryCompileExec.dir/CheckIncludeFile.c.o  -o cmTryCompileExec  
gmake[1]: Leaving directory `/Users/anmorales1/Desktop/OAR:COLLADA/collada-dom-2.3.1/build/CMakeFiles/CMakeTmp'


Determining if the include file unistd.h exists passed with the following output:
Change Dir: /Users/anmorales1/Desktop/OAR:COLLADA/collada-dom-2.3.1/build/CMakeFiles/CMakeTmp

Run Build Command:/opt/local/bin/gmake "cmTryCompileExec/fast"
/opt/local/bin/gmake -f CMakeFiles/cmTryCompileExec.dir/build.make CMakeFiles/cmTryCompileExec.dir/build
gmake[1]: Entering directory `/Users/anmorales1/Desktop/OAR:COLLADA/collada-dom-2.3.1/build/CMakeFiles/CMakeTmp'
/opt/local/bin/cmake -E cmake_progress_report /Users/anmorales1/Desktop/OAR:COLLADA/collada-dom-2.3.1/build/CMakeFiles/CMakeTmp/CMakeFiles 1
Building C object CMakeFiles/cmTryCompileExec.dir/CheckIncludeFile.c.o
/usr/bin/gcc   -mmacosx-version-min=10.7       -o CMakeFiles/cmTryCompileExec.dir/CheckIncludeFile.c.o   -c /Users/anmorales1/Desktop/OAR:COLLADA/collada-dom-2.3.1/build/CMakeFiles/CMakeTmp/CheckIncludeFile.c
Linking C executable cmTryCompileExec
/opt/local/bin/cmake -E cmake_link_script CMakeFiles/cmTryCompileExec.dir/link.txt --verbose=1
/usr/bin/gcc   -mmacosx-version-min=10.7     -Wl,-search_paths_first -headerpad_max_install_names  CMakeFiles/cmTryCompileExec.dir/CheckIncludeFile.c.o  -o cmTryCompileExec  
gmake[1]: Leaving directory `/Users/anmorales1/Desktop/OAR:COLLADA/collada-dom-2.3.1/build/CMakeFiles/CMakeTmp'


Determining if the function bcopy exists passed with the following output:
Change Dir: /Users/anmorales1/Desktop/OAR:COLLADA/collada-dom-2.3.1/build/CMakeFiles/CMakeTmp

Run Build Command:/opt/local/bin/gmake "cmTryCompileExec/fast"
/opt/local/bin/gmake -f CMakeFiles/cmTryCompileExec.dir/build.make CMakeFiles/cmTryCompileExec.dir/build
gmake[1]: Entering directory `/Users/anmorales1/Desktop/OAR:COLLADA/collada-dom-2.3.1/build/CMakeFiles/CMakeTmp'
/opt/local/bin/cmake -E cmake_progress_report /Users/anmorales1/Desktop/OAR:COLLADA/collada-dom-2.3.1/build/CMakeFiles/CMakeTmp/CMakeFiles 1
Building C object CMakeFiles/cmTryCompileExec.dir/CheckFunctionExists.c.o
/usr/bin/gcc   -mmacosx-version-min=10.7    -DCHECK_FUNCTION_EXISTS=bcopy   -o CMakeFiles/cmTryCompileExec.dir/CheckFunctionExists.c.o   -c /opt/local/share/cmake-2.8/Modules/CheckFunctionExists.c
/opt/local/share/cmake-2.8/Modules/CheckFunctionExists.c:3: warning: conflicting types for built-in function ‘bcopy’
Linking C executable cmTryCompileExec
/opt/local/bin/cmake -E cmake_link_script CMakeFiles/cmTryCompileExec.dir/link.txt --verbose=1
/usr/bin/gcc   -mmacosx-version-min=10.7    -DCHECK_FUNCTION_EXISTS=bcopy -Wl,-search_paths_first -headerpad_max_install_names  CMakeFiles/cmTryCompileExec.dir/CheckFunctionExists.c.o  -o cmTryCompileExec  
gmake[1]: Leaving directory `/Users/anmorales1/Desktop/OAR:COLLADA/collada-dom-2.3.1/build/CMakeFiles/CMakeTmp'


Determining if the function memmove exists passed with the following output:
Change Dir: /Users/anmorales1/Desktop/OAR:COLLADA/collada-dom-2.3.1/build/CMakeFiles/CMakeTmp

Run Build Command:/opt/local/bin/gmake "cmTryCompileExec/fast"
/opt/local/bin/gmake -f CMakeFiles/cmTryCompileExec.dir/build.make CMakeFiles/cmTryCompileExec.dir/build
gmake[1]: Entering directory `/Users/anmorales1/Desktop/OAR:COLLADA/collada-dom-2.3.1/build/CMakeFiles/CMakeTmp'
/opt/local/bin/cmake -E cmake_progress_report /Users/anmorales1/Desktop/OAR:COLLADA/collada-dom-2.3.1/build/CMakeFiles/CMakeTmp/CMakeFiles 1
Building C object CMakeFiles/cmTryCompileExec.dir/CheckFunctionExists.c.o
/usr/bin/gcc   -mmacosx-version-min=10.7    -DCHECK_FUNCTION_EXISTS=memmove   -o CMakeFiles/cmTryCompileExec.dir/CheckFunctionExists.c.o   -c /opt/local/share/cmake-2.8/Modules/CheckFunctionExists.c
/opt/local/share/cmake-2.8/Modules/CheckFunctionExists.c:3: warning: conflicting types for built-in function ‘memmove’
Linking C executable cmTryCompileExec
/opt/local/bin/cmake -E cmake_link_script CMakeFiles/cmTryCompileExec.dir/link.txt --verbose=1
/usr/bin/gcc   -mmacosx-version-min=10.7    -DCHECK_FUNCTION_EXISTS=memmove -Wl,-search_paths_first -headerpad_max_install_names  CMakeFiles/cmTryCompileExec.dir/CheckFunctionExists.c.o  -o cmTryCompileExec  
gmake[1]: Leaving directory `/Users/anmorales1/Desktop/OAR:COLLADA/collada-dom-2.3.1/build/CMakeFiles/CMakeTmp'


Determining if the function strerror exists passed with the following output:
Change Dir: /Users/anmorales1/Desktop/OAR:COLLADA/collada-dom-2.3.1/build/CMakeFiles/CMakeTmp

Run Build Command:/opt/local/bin/gmake "cmTryCompileExec/fast"
/opt/local/bin/gmake -f CMakeFiles/cmTryCompileExec.dir/build.make CMakeFiles/cmTryCompileExec.dir/build
gmake[1]: Entering directory `/Users/anmorales1/Desktop/OAR:COLLADA/collada-dom-2.3.1/build/CMakeFiles/CMakeTmp'
/opt/local/bin/cmake -E cmake_progress_report /Users/anmorales1/Desktop/OAR:COLLADA/collada-dom-2.3.1/build/CMakeFiles/CMakeTmp/CMakeFiles 1
Building C object CMakeFiles/cmTryCompileExec.dir/CheckFunctionExists.c.o
/usr/bin/gcc   -mmacosx-version-min=10.7    -DCHECK_FUNCTION_EXISTS=strerror   -o CMakeFiles/cmTryCompileExec.dir/CheckFunctionExists.c.o   -c /opt/local/share/cmake-2.8/Modules/CheckFunctionExists.c
Linking C executable cmTryCompileExec
/opt/local/bin/cmake -E cmake_link_script CMakeFiles/cmTryCompileExec.dir/link.txt --verbose=1
/usr/bin/gcc   -mmacosx-version-min=10.7    -DCHECK_FUNCTION_EXISTS=strerror -Wl,-search_paths_first -headerpad_max_install_names  CMakeFiles/cmTryCompileExec.dir/CheckFunctionExists.c.o  -o cmTryCompileExec  
gmake[1]: Leaving directory `/Users/anmorales1/Desktop/OAR:COLLADA/collada-dom-2.3.1/build/CMakeFiles/CMakeTmp'


Determining if the function strtoll exists passed with the following output:
Change Dir: /Users/anmorales1/Desktop/OAR:COLLADA/collada-dom-2.3.1/build/CMakeFiles/CMakeTmp

Run Build Command:/opt/local/bin/gmake "cmTryCompileExec/fast"
/opt/local/bin/gmake -f CMakeFiles/cmTryCompileExec.dir/build.make CMakeFiles/cmTryCompileExec.dir/build
gmake[1]: Entering directory `/Users/anmorales1/Desktop/OAR:COLLADA/collada-dom-2.3.1/build/CMakeFiles/CMakeTmp'
/opt/local/bin/cmake -E cmake_progress_report /Users/anmorales1/Desktop/OAR:COLLADA/collada-dom-2.3.1/build/CMakeFiles/CMakeTmp/CMakeFiles 1
Building C object CMakeFiles/cmTryCompileExec.dir/CheckFunctionExists.c.o
/usr/bin/gcc   -mmacosx-version-min=10.7    -DCHECK_FUNCTION_EXISTS=strtoll   -o CMakeFiles/cmTryCompileExec.dir/CheckFunctionExists.c.o   -c /opt/local/share/cmake-2.8/Modules/CheckFunctionExists.c
Linking C executable cmTryCompileExec
/opt/local/bin/cmake -E cmake_link_script CMakeFiles/cmTryCompileExec.dir/link.txt --verbose=1
/usr/bin/gcc   -mmacosx-version-min=10.7    -DCHECK_FUNCTION_EXISTS=strtoll -Wl,-search_paths_first -headerpad_max_install_names  CMakeFiles/cmTryCompileExec.dir/CheckFunctionExists.c.o  -o cmTryCompileExec  
gmake[1]: Leaving directory `/Users/anmorales1/Desktop/OAR:COLLADA/collada-dom-2.3.1/build/CMakeFiles/CMakeTmp'


Determining if the function strtoq exists passed with the following output:
Change Dir: /Users/anmorales1/Desktop/OAR:COLLADA/collada-dom-2.3.1/build/CMakeFiles/CMakeTmp

Run Build Command:/opt/local/bin/gmake "cmTryCompileExec/fast"
/opt/local/bin/gmake -f CMakeFiles/cmTryCompileExec.dir/build.make CMakeFiles/cmTryCompileExec.dir/build
gmake[1]: Entering directory `/Users/anmorales1/Desktop/OAR:COLLADA/collada-dom-2.3.1/build/CMakeFiles/CMakeTmp'
/opt/local/bin/cmake -E cmake_progress_report /Users/anmorales1/Desktop/OAR:COLLADA/collada-dom-2.3.1/build/CMakeFiles/CMakeTmp/CMakeFiles 1
Building C object CMakeFiles/cmTryCompileExec.dir/CheckFunctionExists.c.o
/usr/bin/gcc   -mmacosx-version-min=10.7    -DCHECK_FUNCTION_EXISTS=strtoq   -o CMakeFiles/cmTryCompileExec.dir/CheckFunctionExists.c.o   -c /opt/local/share/cmake-2.8/Modules/CheckFunctionExists.c
Linking C executable cmTryCompileExec
/opt/local/bin/cmake -E cmake_link_script CMakeFiles/cmTryCompileExec.dir/link.txt --verbose=1
/usr/bin/gcc   -mmacosx-version-min=10.7    -DCHECK_FUNCTION_EXISTS=strtoq -Wl,-search_paths_first -headerpad_max_install_names  CMakeFiles/cmTryCompileExec.dir/CheckFunctionExists.c.o  -o cmTryCompileExec  
gmake[1]: Leaving directory `/Users/anmorales1/Desktop/OAR:COLLADA/collada-dom-2.3.1/build/CMakeFiles/CMakeTmp'


Determining if the include file stddef.h exists passed with the following output:
Change Dir: /Users/anmorales1/Desktop/OAR:COLLADA/collada-dom-2.3.1/build/CMakeFiles/CMakeTmp

Run Build Command:/opt/local/bin/gmake "cmTryCompileExec/fast"
/opt/local/bin/gmake -f CMakeFiles/cmTryCompileExec.dir/build.make CMakeFiles/cmTryCompileExec.dir/build
gmake[1]: Entering directory `/Users/anmorales1/Desktop/OAR:COLLADA/collada-dom-2.3.1/build/CMakeFiles/CMakeTmp'
/opt/local/bin/cmake -E cmake_progress_report /Users/anmorales1/Desktop/OAR:COLLADA/collada-dom-2.3.1/build/CMakeFiles/CMakeTmp/CMakeFiles 1
Building C object CMakeFiles/cmTryCompileExec.dir/CheckIncludeFile.c.o
/usr/bin/gcc   -mmacosx-version-min=10.7       -o CMakeFiles/cmTryCompileExec.dir/CheckIncludeFile.c.o   -c /Users/anmorales1/Desktop/OAR:COLLADA/collada-dom-2.3.1/build/CMakeFiles/CMakeTmp/CheckIncludeFile.c
Linking C executable cmTryCompileExec
/opt/local/bin/cmake -E cmake_link_script CMakeFiles/cmTryCompileExec.dir/link.txt --verbose=1
/usr/bin/gcc   -mmacosx-version-min=10.7     -Wl,-search_paths_first -headerpad_max_install_names  CMakeFiles/cmTryCompileExec.dir/CheckIncludeFile.c.o  -o cmTryCompileExec  
gmake[1]: Leaving directory `/Users/anmorales1/Desktop/OAR:COLLADA/collada-dom-2.3.1/build/CMakeFiles/CMakeTmp'


Determining size of long long passed with the following output:
Change Dir: /Users/anmorales1/Desktop/OAR:COLLADA/collada-dom-2.3.1/build/CMakeFiles/CMakeTmp

Run Build Command:/opt/local/bin/gmake "cmTryCompileExec/fast"
/opt/local/bin/gmake -f CMakeFiles/cmTryCompileExec.dir/build.make CMakeFiles/cmTryCompileExec.dir/build
gmake[1]: Entering directory `/Users/anmorales1/Desktop/OAR:COLLADA/collada-dom-2.3.1/build/CMakeFiles/CMakeTmp'
/opt/local/bin/cmake -E cmake_progress_report /Users/anmorales1/Desktop/OAR:COLLADA/collada-dom-2.3.1/build/CMakeFiles/CMakeTmp/CMakeFiles 1
Building C object CMakeFiles/cmTryCompileExec.dir/CheckTypeSizeC.c.o
/usr/bin/gcc   -mmacosx-version-min=10.7     -DHAVE_SYS_TYPES_H -DHAVE_STDINT_H -DHAVE_STDDEF_H   -o CMakeFiles/cmTryCompileExec.dir/CheckTypeSizeC.c.o   -c /Users/anmorales1/Desktop/OAR:COLLADA/collada-dom-2.3.1/build/CMakeFiles/CMakeTmp/CheckTypeSizeC.c
Linking C executable cmTryCompileExec
/opt/local/bin/cmake -E cmake_link_script CMakeFiles/cmTryCompileExec.dir/link.txt --verbose=1
/usr/bin/gcc   -mmacosx-version-min=10.7     -DHAVE_SYS_TYPES_H -DHAVE_STDINT_H -DHAVE_STDDEF_H -Wl,-search_paths_first -headerpad_max_install_names  CMakeFiles/cmTryCompileExec.dir/CheckTypeSizeC.c.o  -o cmTryCompileExec  
gmake[1]: Leaving directory `/Users/anmorales1/Desktop/OAR:COLLADA/collada-dom-2.3.1/build/CMakeFiles/CMakeTmp'


Determining size of unsigned long long passed with the following output:
Change Dir: /Users/anmorales1/Desktop/OAR:COLLADA/collada-dom-2.3.1/build/CMakeFiles/CMakeTmp

Run Build Command:/opt/local/bin/gmake "cmTryCompileExec/fast"
/opt/local/bin/gmake -f CMakeFiles/cmTryCompileExec.dir/build.make CMakeFiles/cmTryCompileExec.dir/build
gmake[1]: Entering directory `/Users/anmorales1/Desktop/OAR:COLLADA/collada-dom-2.3.1/build/CMakeFiles/CMakeTmp'
/opt/local/bin/cmake -E cmake_progress_report /Users/anmorales1/Desktop/OAR:COLLADA/collada-dom-2.3.1/build/CMakeFiles/CMakeTmp/CMakeFiles 1
Building C object CMakeFiles/cmTryCompileExec.dir/CheckTypeSizeC.c.o
/usr/bin/gcc   -mmacosx-version-min=10.7     -DHAVE_SYS_TYPES_H -DHAVE_STDINT_H -DHAVE_STDDEF_H   -o CMakeFiles/cmTryCompileExec.dir/CheckTypeSizeC.c.o   -c /Users/anmorales1/Desktop/OAR:COLLADA/collada-dom-2.3.1/build/CMakeFiles/CMakeTmp/CheckTypeSizeC.c
Linking C executable cmTryCompileExec
/opt/local/bin/cmake -E cmake_link_script CMakeFiles/cmTryCompileExec.dir/link.txt --verbose=1
/usr/bin/gcc   -mmacosx-version-min=10.7     -DHAVE_SYS_TYPES_H -DHAVE_STDINT_H -DHAVE_STDDEF_H -Wl,-search_paths_first -headerpad_max_install_names  CMakeFiles/cmTryCompileExec.dir/CheckTypeSizeC.c.o  -o cmTryCompileExec  
gmake[1]: Leaving directory `/Users/anmorales1/Desktop/OAR:COLLADA/collada-dom-2.3.1/build/CMakeFiles/CMakeTmp'


